<?xml version="1.0" encoding="UTF-8"?>
<!-- Generated by org.testng.reporters.JUnitReportReporter -->
<testsuite hostname="LAPTOP-G9RE70VK" failures="0" tests="1" name="PROJECECT.HIWELCOME" time="2.665" errors="0" timestamp="2022-08-18T17:14:32 IST" skipped="0">
  <testcase classname="PROJECECT.HIWELCOME" name="hiwelcome" time="2.665"/>
  <system-out/>
</testsuite> <!-- PROJECECT.HIWELCOME -->
